2025-01-17 13:58:02,388: Started application
2025-01-17 13:58:02,393: Loaded needed files and cleaned logs
2025-01-17 13:58:02,394: Config: 
{
  "test": false,
  "user": "andrea",
  "data_path": "files/data.json",
  "arbs_path": "files/arbs.json",
  "events_path": "files/events.json",
  "sport_to_use": [
    "tennis",
    "football",
    "basketball"
  ],
  "website_to_use": [
    "allinbet",
    "better",
    "sisal",
    "eurobet",
    "vincitu",
    "playmatika"
  ],
  "total_amount": 100,
  "bet_round_up": 5,
  "sleep_after_run": 3
}

2025-01-17 13:58:02,407: Created scrapers for: allinbet, better, sisal, eurobet, vincitu, playmatika
2025-01-17 13:58:02,411: 
2025-01-17 13:58:02,412: Iteration n.0
2025-01-17 13:58:04,148: Scraping and parsing done in 1.7198s
2025-01-17 13:58:15,348: Found: n.78 events, n.0 arbs
2025-01-17 13:58:15,348: Sleeping for 3 seconds
2025-01-17 13:58:18,349: 
2025-01-17 13:58:18,349: Iteration n.1
2025-01-17 13:58:20,087: Scraping and parsing done in 1.7368s
2025-01-17 13:58:34,078: Found: n.77 events, n.0 arbs
2025-01-17 13:58:34,080: Sleeping for 3 seconds
2025-01-17 13:58:37,080: 
2025-01-17 13:58:37,081: Iteration n.2
2025-01-17 13:58:39,131: Scraping and parsing done in 2.0498s
2025-01-17 13:58:49,391: Found: n.75 events, n.3 arbs
2025-01-17 13:58:49,391: 
2025-01-17 13:58:49,392: Iteration n.3
2025-01-17 13:58:50,792: Scraping and parsing done in 1.3992s
2025-01-17 13:59:03,267: Found: n.74 events, n.0 arbs
2025-01-17 13:59:03,268: Sleeping for 3 seconds
2025-01-17 13:59:06,283: 
2025-01-17 13:59:06,284: Iteration n.4
2025-01-17 13:59:07,874: Scraping and parsing done in 1.59s
2025-01-17 13:59:20,760: Found: n.74 events, n.0 arbs
2025-01-17 13:59:20,760: Sleeping for 3 seconds
2025-01-17 13:59:23,764: 
2025-01-17 13:59:23,764: Iteration n.5
2025-01-17 13:59:25,465: Scraping and parsing done in 1.7s
2025-01-17 13:59:38,453: Found: n.75 events, n.0 arbs
2025-01-17 13:59:38,453: Sleeping for 3 seconds
2025-01-17 13:59:41,458: 
2025-01-17 13:59:41,458: Iteration n.6
2025-01-17 13:59:43,001: Scraping and parsing done in 1.542s
2025-01-17 13:59:55,341: Found: n.73 events, n.0 arbs
2025-01-17 13:59:55,341: Sleeping for 3 seconds
2025-01-17 13:59:58,345: 
2025-01-17 13:59:58,345: Iteration n.7
2025-01-17 13:59:59,993: Scraping and parsing done in 1.646s
2025-01-17 14:00:13,051: Found: n.87 events, n.0 arbs
2025-01-17 14:00:13,052: Sleeping for 3 seconds
2025-01-17 14:00:16,062: 
2025-01-17 14:00:16,062: Iteration n.8
2025-01-17 14:00:17,667: Scraping and parsing done in 1.6043s
2025-01-17 14:00:28,665: Found: n.95 events, n.0 arbs
2025-01-17 14:00:28,666: Sleeping for 3 seconds
2025-01-17 14:00:31,673: 
2025-01-17 14:00:31,674: Iteration n.9
2025-01-17 14:00:33,397: Scraping and parsing done in 1.7222s
2025-01-17 14:00:44,440: Found: n.96 events, n.0 arbs
2025-01-17 14:00:44,441: Sleeping for 3 seconds
2025-01-17 14:00:47,445: 
2025-01-17 14:00:47,445: Iteration n.10
2025-01-17 14:00:50,771: Scraping and parsing done in 3.3246s
2025-01-17 14:01:01,089: Found: n.96 events, n.0 arbs
2025-01-17 14:01:01,089: Sleeping for 3 seconds
2025-01-17 14:01:04,098: 
2025-01-17 14:01:04,099: Iteration n.11
2025-01-17 14:01:05,896: Scraping and parsing done in 1.7956s
2025-01-17 14:01:16,209: Found: n.95 events, n.0 arbs
2025-01-17 14:01:16,210: Sleeping for 3 seconds
2025-01-17 14:01:19,226: 
2025-01-17 14:01:19,226: Iteration n.12
2025-01-17 14:01:20,866: Scraping and parsing done in 1.6386s
2025-01-17 14:01:34,079: Found: n.96 events, n.0 arbs
2025-01-17 14:01:34,079: Sleeping for 3 seconds
2025-01-17 14:01:37,082: 
2025-01-17 14:01:37,083: Iteration n.13
2025-01-17 14:01:38,607: Scraping and parsing done in 1.5244s
2025-01-17 14:01:48,786: Found: n.97 events, n.0 arbs
2025-01-17 14:01:48,786: Sleeping for 3 seconds
2025-01-17 14:01:51,797: 
2025-01-17 14:01:51,797: Iteration n.14
2025-01-17 14:01:53,148: Scraping and parsing done in 1.3514s
2025-01-17 14:02:03,482: Found: n.99 events, n.0 arbs
2025-01-17 14:02:03,482: Sleeping for 3 seconds
2025-01-17 14:02:06,489: 
2025-01-17 14:02:06,489: Iteration n.15
2025-01-17 14:02:09,563: Scraping and parsing done in 3.0745s
2025-01-17 14:02:20,264: Found: n.99 events, n.0 arbs
2025-01-17 14:02:20,266: Sleeping for 3 seconds
2025-01-17 14:02:23,280: 
2025-01-17 14:02:23,280: Iteration n.16
2025-01-17 14:02:24,871: Scraping and parsing done in 1.5913s
2025-01-17 14:02:35,212: Found: n.98 events, n.1 arbs
2025-01-17 14:02:35,212: 
2025-01-17 14:02:35,212: Iteration n.17
2025-01-17 14:02:36,878: Scraping and parsing done in 1.6667s
2025-01-17 14:02:47,113: Found: n.101 events, n.0 arbs
2025-01-17 14:02:47,113: Sleeping for 3 seconds
2025-01-17 14:02:50,127: 
2025-01-17 14:02:50,127: Iteration n.18
2025-01-17 14:02:52,057: Scraping and parsing done in 1.9309s
2025-01-17 14:03:03,696: Found: n.102 events, n.1 arbs
2025-01-17 14:03:03,696: 
2025-01-17 14:03:03,696: Iteration n.19
2025-01-17 14:03:05,377: Scraping and parsing done in 1.6747s
2025-01-17 14:03:17,467: Found: n.100 events, n.0 arbs
2025-01-17 14:03:17,467: Sleeping for 3 seconds
2025-01-17 14:03:20,476: 
2025-01-17 14:03:20,476: Iteration n.20
2025-01-17 14:03:21,812: Scraping and parsing done in 1.3362s
2025-01-17 14:03:32,114: Found: n.101 events, n.0 arbs
2025-01-17 14:03:32,114: Sleeping for 3 seconds
2025-01-17 14:03:35,121: 
2025-01-17 14:03:35,121: Iteration n.21
2025-01-17 14:03:36,856: Scraping and parsing done in 1.7353s
2025-01-17 14:03:51,214: Found: n.100 events, n.1 arbs
2025-01-17 14:03:51,214: 
2025-01-17 14:03:51,214: Iteration n.22
2025-01-17 14:03:52,956: Scraping and parsing done in 1.7427s
2025-01-17 14:04:07,262: Found: n.99 events, n.0 arbs
2025-01-17 14:04:07,262: Sleeping for 3 seconds
2025-01-17 14:04:10,268: 
2025-01-17 14:04:10,268: Iteration n.23
2025-01-17 14:04:12,111: Scraping and parsing done in 1.8424s
2025-01-17 14:04:26,367: Found: n.101 events, n.1 arbs
2025-01-17 14:04:26,367: 
2025-01-17 14:04:26,367: Iteration n.24
2025-01-17 14:04:28,186: Scraping and parsing done in 1.8192s
2025-01-17 14:04:41,573: Found: n.102 events, n.0 arbs
2025-01-17 14:04:41,573: Sleeping for 3 seconds
2025-01-17 14:04:44,582: 
2025-01-17 14:04:44,582: Iteration n.25
2025-01-17 14:04:46,393: Scraping and parsing done in 1.8094s
2025-01-17 14:05:01,361: Found: n.104 events, n.0 arbs
2025-01-17 14:05:01,361: Sleeping for 3 seconds
2025-01-17 14:05:04,369: 
2025-01-17 14:05:04,369: Iteration n.26
2025-01-17 14:05:06,119: Scraping and parsing done in 1.7492s
2025-01-17 14:05:20,849: Found: n.103 events, n.1 arbs
2025-01-17 14:05:20,849: 
2025-01-17 14:05:20,849: Iteration n.27
2025-01-17 14:05:22,606: Scraping and parsing done in 1.7562s
2025-01-17 14:05:38,505: Found: n.101 events, n.0 arbs
2025-01-17 14:05:38,511: Sleeping for 3 seconds
2025-01-17 14:05:41,518: 
2025-01-17 14:05:41,518: Iteration n.28
2025-01-17 14:05:43,950: Scraping and parsing done in 2.4324s
2025-01-17 14:05:59,269: Found: n.101 events, n.0 arbs
2025-01-17 14:05:59,269: Sleeping for 3 seconds
2025-01-17 14:06:02,278: 
2025-01-17 14:06:02,278: Iteration n.29
2025-01-17 14:06:04,173: Scraping and parsing done in 1.8948s
2025-01-17 14:06:18,751: Found: n.99 events, n.0 arbs
2025-01-17 14:06:18,751: Sleeping for 3 seconds
2025-01-17 14:06:21,759: 
2025-01-17 14:06:21,760: Iteration n.30
2025-01-17 14:06:23,552: Scraping and parsing done in 1.7913s
2025-01-17 14:06:37,682: Found: n.100 events, n.2 arbs
2025-01-17 14:06:37,682: 
2025-01-17 14:06:37,684: Iteration n.31
2025-01-17 14:06:39,486: Scraping and parsing done in 1.8021s
2025-01-17 14:06:54,997: Found: n.101 events, n.5 arbs
2025-01-17 14:06:54,997: 
2025-01-17 14:06:54,997: Iteration n.32
2025-01-17 14:06:56,824: Scraping and parsing done in 1.8272s
2025-01-17 14:07:11,606: Found: n.100 events, n.2 arbs
2025-01-17 14:07:11,606: 
2025-01-17 14:07:11,606: Iteration n.33
2025-01-17 14:07:15,310: Scraping and parsing done in 3.7039s
2025-01-17 14:07:29,901: Found: n.99 events, n.0 arbs
2025-01-17 14:07:29,901: Sleeping for 3 seconds
2025-01-17 14:07:32,915: 
2025-01-17 14:07:32,915: Iteration n.34
2025-01-17 14:07:35,003: Scraping and parsing done in 2.0876s
2025-01-17 14:07:50,295: Found: n.98 events, n.1 arbs
2025-01-17 14:07:50,295: 
2025-01-17 14:07:50,297: Iteration n.35
2025-01-17 14:07:55,469: Scraping and parsing done in 5.1708s
2025-01-17 14:08:10,481: Found: n.99 events, n.0 arbs
2025-01-17 14:08:10,481: Sleeping for 3 seconds
2025-01-17 14:08:13,482: 
2025-01-17 14:08:13,482: Iteration n.36
2025-01-17 14:08:15,421: Scraping and parsing done in 1.9393s
2025-01-17 14:08:31,634: Found: n.99 events, n.1 arbs
2025-01-17 14:08:31,634: 
2025-01-17 14:08:31,634: Iteration n.37
2025-01-17 14:08:35,390: Scraping and parsing done in 3.7556s
2025-01-17 14:08:50,340: Found: n.101 events, n.0 arbs
2025-01-17 14:08:50,340: Sleeping for 3 seconds
2025-01-17 14:08:53,345: 
2025-01-17 14:08:53,345: Iteration n.38
2025-01-17 14:08:55,223: Scraping and parsing done in 1.8782s
2025-01-17 14:09:10,769: Found: n.100 events, n.1 arbs
2025-01-17 14:09:10,769: 
2025-01-17 14:09:10,769: Iteration n.39
2025-01-17 14:09:15,601: Scraping and parsing done in 4.8325s
2025-01-17 14:09:31,561: Found: n.100 events, n.0 arbs
2025-01-17 14:09:31,561: Sleeping for 3 seconds
2025-01-17 14:09:34,572: 
2025-01-17 14:09:34,572: Iteration n.40
2025-01-17 14:09:36,611: Scraping and parsing done in 2.0387s
2025-01-17 14:09:52,618: Found: n.100 events, n.0 arbs
2025-01-17 14:09:52,618: Sleeping for 3 seconds
2025-01-17 14:09:55,622: 
2025-01-17 14:09:55,622: Iteration n.41
2025-01-17 14:09:57,356: Scraping and parsing done in 1.7336s
2025-01-17 14:10:14,206: Found: n.103 events, n.0 arbs
2025-01-17 14:10:14,208: Sleeping for 3 seconds
2025-01-17 14:10:17,220: 
2025-01-17 14:10:17,221: Iteration n.42
2025-01-17 14:10:18,966: Scraping and parsing done in 1.7451s
2025-01-17 14:10:35,634: Found: n.103 events, n.0 arbs
2025-01-17 14:10:35,634: Sleeping for 3 seconds
2025-01-17 14:10:38,649: 
2025-01-17 14:10:38,649: Iteration n.43
2025-01-17 14:10:40,402: Scraping and parsing done in 1.7504s
2025-01-17 14:10:56,488: Found: n.104 events, n.0 arbs
2025-01-17 14:10:56,488: Sleeping for 3 seconds
2025-01-17 14:10:59,496: 
2025-01-17 14:10:59,496: Iteration n.44
2025-01-17 14:11:01,696: Scraping and parsing done in 2.1992s
2025-01-17 14:11:18,274: Found: n.100 events, n.0 arbs
2025-01-17 14:11:18,274: Sleeping for 3 seconds
2025-01-17 14:11:21,276: 
2025-01-17 14:11:21,276: Iteration n.45
2025-01-17 14:11:23,382: Scraping and parsing done in 2.1059s
2025-01-17 14:11:39,293: Found: n.101 events, n.0 arbs
2025-01-17 14:11:39,293: Sleeping for 3 seconds
2025-01-17 14:11:42,304: Arbitrage loop cancellato.
2025-01-17 14:11:42,306: Run event cleared, exiting arbitrage loop.
2025-01-17 14:11:42,308: Arbitrage loop exited. Terminating main.
2025-01-17 14:11:42,308: Arbitrage loop exited. Terminating main.
